<?xml version="1.0" encoding="UTF-8"?>
<!-- Generated by org.testng.reporters.JUnitReportReporter -->
<testsuite hostname="DESKTOP-VBNLNPQ" failures="0" tests="4" name="dataprovider.TestLogin" time="54.095" errors="0" timestamp="2023-11-08T12:56:56 IST" skipped="0">
  <testcase classname="dataprovider.TestLogin" name="enterCredentials" time="12.609"/>
  <system-out/>
  <testcase classname="dataprovider.TestLogin" name="enterCredentials" time="6.064"/>
  <system-out/>
  <testcase classname="dataprovider.TestLogin" name="enterCredentials" time="27.241"/>
  <system-out/>
  <testcase classname="dataprovider.TestLogin" name="enterCredentials" time="8.181"/>
  <system-out/>
</testsuite> <!-- dataprovider.TestLogin -->
