<?xml version="1.0" encoding="UTF-8"?>
<!-- Generated by org.testng.reporters.JUnitReportReporter -->
<testsuite hostname="DESKTOP-VBNLNPQ" failures="0" tests="2" name="tests.Assertions" time="34.949" errors="0" timestamp="2023-10-13T12:48:17 IST" skipped="0">
  <testcase classname="tests.Assertions" name="getTitles" time="25.631"/>
  <system-out/>
  <testcase classname="tests.Assertions" name="validatePageTitle" time="9.318"/>
  <system-out/>
</testsuite> <!-- tests.Assertions -->
