<?xml version="1.0" encoding="UTF-8"?>
<!-- Generated by org.testng.reporters.JUnitReportReporter -->
<testsuite hostname="DESKTOP-VBNLNPQ" failures="0" tests="1" name="BrokenLinks" time="38.356" errors="0" timestamp="2023-11-05T11:39:54 IST" skipped="0">
  <testcase classname="BrokenLinks" name="verifyBrokenLink" time="38.356"/>
  <system-out/>
</testsuite> <!-- BrokenLinks -->
