<?xml version="1.0" encoding="UTF-8"?>
<!-- Generated by org.testng.reporters.JUnitReportReporter -->
<testsuite hostname="DESKTOP-VBNLNPQ" failures="0" tests="1" name="tests.LoginTest" time="23.154" errors="0" timestamp="2023-10-13T12:48:17 IST" skipped="0">
  <testcase classname="tests.LoginTest" name="login" time="23.154"/>
  <system-out/>
</testsuite> <!-- tests.LoginTest -->
