<?xml version="1.0" encoding="UTF-8"?>
<!-- Generated by org.testng.reporters.JUnitReportReporter -->
<testsuite hostname="DESKTOP-VBNLNPQ" failures="0" tests="1" name="ActionClass" time="0.467" errors="0" timestamp="2023-11-04T12:46:05 IST" skipped="0">
  <testcase classname="ActionClass" name="mouseHoover" time="0.467"/>
  <system-out/>
</testsuite> <!-- ActionClass -->
