<?xml version="1.0" encoding="UTF-8"?>
<!-- Generated by org.testng.reporters.JUnitReportReporter -->
<testsuite hostname="DESKTOP-VBNLNPQ" failures="0" tests="1" name="WebDriverConditionalCommands" time="42.695" errors="0" timestamp="2023-10-29T13:21:13 IST" skipped="0">
  <testcase classname="WebDriverConditionalCommands" name="conditionalCmds" time="42.695"/>
  <system-out/>
</testsuite> <!-- WebDriverConditionalCommands -->
