<?xml version="1.0" encoding="UTF-8"?>
<!-- Generated by org.testng.reporters.JUnitReportReporter -->
<testsuite hostname="DESKTOP-VBNLNPQ" failures="0" tests="1" name="WebDriverCommands" time="16.399" errors="0" timestamp="2023-10-29T13:10:39 IST" skipped="0">
  <testcase classname="WebDriverCommands" name="webDriverCmd" time="16.399"/>
  <system-out/>
</testsuite> <!-- WebDriverCommands -->
