<?xml version="1.0" encoding="UTF-8"?>
<!-- Generated by org.testng.reporters.JUnitReportReporter -->
<testsuite hostname="DESKTOP-VBNLNPQ" failures="0" tests="1" name="HeadlessBrowser" time="10.987" errors="0" timestamp="2023-10-29T12:24:21 IST" skipped="0">
  <testcase classname="HeadlessBrowser" name="headLessBrowser" time="10.987"/>
  <system-out/>
</testsuite> <!-- HeadlessBrowser -->
