<?xml version="1.0" encoding="UTF-8"?>
<!-- Generated by org.testng.reporters.JUnitReportReporter -->
<testsuite hostname="DESKTOP-VBNLNPQ" failures="0" tests="1" name="tests.VerifyDropDownIsSorted" time="24.137" errors="0" timestamp="2023-10-30T21:25:40 IST" skipped="0">
  <testcase classname="tests.VerifyDropDownIsSorted" name="verifyDropDown" time="24.137"/>
  <system-out/>
</testsuite> <!-- tests.VerifyDropDownIsSorted -->
