<?xml version="1.0" encoding="UTF-8"?>
<!-- Generated by org.testng.reporters.JUnitReportReporter -->
<testsuite hostname="DESKTOP-VBNLNPQ" failures="0" tests="1" name="RightClick" time="9.133" errors="0" timestamp="2023-11-04T13:21:13 IST" skipped="0">
  <testcase classname="RightClick" name="rightClickPerform" time="9.133"/>
  <system-out/>
</testsuite> <!-- RightClick -->
