<?xml version="1.0" encoding="UTF-8"?>
<!-- Generated by org.testng.reporters.JUnitReportReporter -->
<testsuite hostname="DESKTOP-VBNLNPQ" failures="0" tests="1" name="HandlingWebTable" time="91.996" errors="0" timestamp="2023-10-29T15:19:41 IST" skipped="0">
  <testcase classname="HandlingWebTable" name="conditionalCmds" time="91.996"/>
  <system-out/>
</testsuite> <!-- HandlingWebTable -->
