<?xml version="1.0" encoding="UTF-8"?>
<!-- Generated by org.testng.reporters.JUnitReportReporter -->
<testsuite hostname="DESKTOP-VBNLNPQ" failures="0" tests="1" name="HandlingCalendar" time="19.111" errors="0" timestamp="2023-10-29T16:23:34 IST" skipped="0">
  <testcase classname="HandlingCalendar" name="handlingCalendar" time="19.111"/>
  <system-out/>
</testsuite> <!-- HandlingCalendar -->
