<?xml version="1.0" encoding="UTF-8"?>
<!-- Generated by org.testng.reporters.JUnitReportReporter -->
<testsuite hostname="DESKTOP-VBNLNPQ" failures="0" tests="1" name="RobotApi" time="22.887" errors="0" timestamp="2023-11-05T12:44:01 IST" skipped="0">
  <testcase classname="RobotApi" name="keyBoardEvents" time="22.887"/>
  <system-out/>
</testsuite> <!-- RobotApi -->
