<?xml version="1.0" encoding="UTF-8"?>
<!-- Generated by org.testng.reporters.JUnitReportReporter -->
<testsuite hostname="DESKTOP-VBNLNPQ" failures="0" tests="1" name="tests.SwitchingWindows" time="16.637" errors="0" timestamp="2023-10-31T21:27:22 IST" skipped="0">
  <testcase classname="tests.SwitchingWindows" name="handleWindows" time="16.637"/>
  <system-out/>
</testsuite> <!-- tests.SwitchingWindows -->
