<?xml version="1.0" encoding="UTF-8"?>
<!-- Generated by org.testng.reporters.JUnitReportReporter -->
<testsuite hostname="DESKTOP-VBNLNPQ" failures="0" tests="3" name="dataprovider.DataProviderExample" time="34.430" errors="0" timestamp="2023-11-08T11:57:44 IST" skipped="0">
  <testcase classname="dataprovider.DataProviderExample" name="testData" time="10.636"/>
  <system-out/>
  <testcase classname="dataprovider.DataProviderExample" name="testData" time="14.331"/>
  <system-out/>
  <testcase classname="dataprovider.DataProviderExample" name="testData" time="9.463"/>
  <system-out/>
</testsuite> <!-- dataprovider.DataProviderExample -->
